<?xml version="1.0" encoding="UTF-8"?>
<!-- Generated by org.testng.reporters.JUnitXMLReporter -->
<testsuite hostname="ARP-260" ignored="0" name="Default test" tests="5" failures="0" timestamp="21 Oct 2020 16:28:44 GMT" time="154.056" errors="0">
  <testcase name="testSuccessfulLogin" time="26.675" classname="login.LoginTests"/>
  <testcase name="testLogout" time="40.76" classname="login.LoginTests"/>
  <testcase name="testNavigateToSignIn" time="35.639" classname="login.LoginTests"/>
  <testcase name="testInvalidLoginCredentials" time="17.433" classname="login.LoginTests"/>
  <testcase name="testForgotPassword" time="33.515" classname="login.LoginTests"/>
</testsuite> <!-- Default test -->
