<?xml version="1.0" encoding="UTF-8"?>
<testsuite xmlns:xsi="http://www.w3.org/2001/XMLSchema-instance" xsi:noNamespaceSchemaLocation="https://maven.apache.org/surefire/maven-surefire-plugin/xsd/surefire-test-report-3.0.xsd" version="3.0" name="TestSuite" time="170.973" tests="5" errors="0" skipped="0" failures="0">
  <properties>
[...]
</properties>
  <testcase name="testSuccessfulLogin" classname="login.LoginTests" time="26.793">
    <system-err><![CDATA[Starting ChromeDriver 86.0.4240.22 (398b0743353ff36fb1b82468f63a3a93b4e2e89e-refs/branch-heads/4240@{#378}) on port 6496
Only local connections are allowed.
Please see https://chromedriver.chromium.org/security-considerations for suggestions on keeping ChromeDriver safe.
ChromeDriver was started successfully.
Oct 21, 2020 9:15:41 PM org.openqa.selenium.remote.ProtocolHandshake createSession
INFO: Detected dialect: W3C
]]></system-err>
  </testcase>
  <testcase name="testLogout" classname="login.LoginTests" time="40.296"/>
  <testcase name="testNavigateToSignIn" classname="login.LoginTests" time="35.56"/>
  <testcase name="testInvalidLoginCredentials" classname="login.LoginTests" time="17.438"/>
  <testcase name="testForgotPassword" classname="login.LoginTests" time="33.12">
    <system-out><![CDATA[final captcha = 
OCR Not able to recognize the code
]]></system-out>
  </testcase>
</testsuite>