<?xml version="1.0" encoding="UTF-8"?>
<testng-results skipped="0" failed="0" ignored="0" total="5" passed="5">
  <reporter-output>
  </reporter-output>
  <suite name="Default suite" duration-ms="154056" started-at="2020-10-21T16:26:10Z" finished-at="2020-10-21T16:28:44Z">
    <groups>
    </groups>
    <test name="Default test" duration-ms="154056" started-at="2020-10-21T16:26:10Z" finished-at="2020-10-21T16:28:44Z">
      <class name="login.LoginTests">
        <test-method status="PASS" signature="setUp()[pri:0, instance:login.LoginTests@6d4b1c02]" name="setUp" is-config="true" duration-ms="13993" started-at="2020-10-21T16:25:56Z" finished-at="2020-10-21T16:26:10Z">
          <reporter-output>
          </reporter-output>
        </test-method> <!-- setUp -->
        <test-method status="PASS" signature="testSuccessfulLogin()[pri:1, instance:login.LoginTests@6d4b1c02]" name="testSuccessfulLogin" duration-ms="26675" started-at="2020-10-21T16:26:10Z" finished-at="2020-10-21T16:26:36Z">
          <reporter-output>
          </reporter-output>
        </test-method> <!-- testSuccessfulLogin -->
        <test-method status="PASS" signature="testLogout()[pri:2, instance:login.LoginTests@6d4b1c02]" name="testLogout" duration-ms="40760" started-at="2020-10-21T16:26:36Z" finished-at="2020-10-21T16:27:17Z">
          <reporter-output>
          </reporter-output>
        </test-method> <!-- testLogout -->
        <test-method status="PASS" signature="testNavigateToSignIn()[pri:3, instance:login.LoginTests@6d4b1c02]" name="testNavigateToSignIn" duration-ms="35639" started-at="2020-10-21T16:27:17Z" finished-at="2020-10-21T16:27:53Z">
          <reporter-output>
          </reporter-output>
        </test-method> <!-- testNavigateToSignIn -->
        <test-method status="PASS" signature="testInvalidLoginCredentials()[pri:4, instance:login.LoginTests@6d4b1c02]" name="testInvalidLoginCredentials" duration-ms="17433" started-at="2020-10-21T16:27:53Z" finished-at="2020-10-21T16:28:10Z">
          <reporter-output>
          </reporter-output>
        </test-method> <!-- testInvalidLoginCredentials -->
        <test-method status="PASS" signature="testForgotPassword()[pri:5, instance:login.LoginTests@6d4b1c02]" name="testForgotPassword" duration-ms="33515" started-at="2020-10-21T16:28:10Z" finished-at="2020-10-21T16:28:44Z">
          <reporter-output>
          </reporter-output>
        </test-method> <!-- testForgotPassword -->
        <test-method status="PASS" signature="tearDown()[pri:0, instance:login.LoginTests@6d4b1c02]" name="tearDown" is-config="true" duration-ms="0" started-at="2020-10-21T16:28:44Z" finished-at="2020-10-21T16:28:44Z">
          <reporter-output>
          </reporter-output>
        </test-method> <!-- tearDown -->
      </class> <!-- login.LoginTests -->
    </test> <!-- Default test -->
  </suite> <!-- Default suite -->
</testng-results>
