<?xml version="1.0" encoding="UTF-8"?>
<!-- Generated by org.testng.reporters.JUnitXMLReporter -->
<testsuite hostname="ARP-260" ignored="0" name="Login Douglas Webshop" tests="5" failures="0" timestamp="21 Oct 2020 16:18:26 GMT" time="153.241" errors="0">
  <testcase name="testSuccessfulLogin" time="26.802" classname="login.LoginTests"/>
  <testcase name="testLogout" time="40.296" classname="login.LoginTests"/>
  <testcase name="testNavigateToSignIn" time="35.561" classname="login.LoginTests"/>
  <testcase name="testInvalidLoginCredentials" time="17.439" classname="login.LoginTests"/>
  <testcase name="testForgotPassword" time="33.12" classname="login.LoginTests"/>
</testsuite> <!-- Login Douglas Webshop -->
